This is pdfTeX, Version 3.14159265-2.6-1.40.20 (MiKTeX 2.9.7050 64-bit) (preloaded format=pdflatex 2019.7.26)  9 MAY 2020 01:22
entering extended mode
**./Buell_CS750_Final.tex
(Buell_CS750_Final.tex
LaTeX2e <2018-12-01>
("C:\Users\Landon\AppData\Local\Programs\MiKTeX 2.9\tex/latex/base\article.cls"
Document Class: article 2018/09/03 v1.4i Standard LaTeX document class
("C:\Users\Landon\AppData\Local\Programs\MiKTeX 2.9\tex/latex/base\size12.clo"
File: size12.clo 2018/09/03 v1.4i Standard LaTeX file (size option)
)
\c@part=\count80
\c@section=\count81
\c@subsection=\count82
\c@subsubsection=\count83
\c@paragraph=\count84
\c@subparagraph=\count85
\c@figure=\count86
\c@table=\count87
\abovecaptionskip=\skip41
\belowcaptionskip=\skip42
\bibindent=\dimen102
)
("C:\Users\Landon\AppData\Local\Programs\MiKTeX 2.9\tex/latex/geometry\geometry
.sty"
Package: geometry 2018/04/16 v5.8 Page Geometry

("C:\Users\Landon\AppData\Local\Programs\MiKTeX 2.9\tex/latex/graphics\keyval.s
ty"
Package: keyval 2014/10/28 v1.15 key=value parser (DPC)
\KV@toks@=\toks14
)
("C:\Users\Landon\AppData\Local\Programs\MiKTeX 2.9\tex/generic/oberdiek\ifpdf.
sty"
Package: ifpdf 2018/09/07 v3.3 Provides the ifpdf switch
)
("C:\Users\Landon\AppData\Local\Programs\MiKTeX 2.9\tex/generic/oberdiek\ifvtex
.sty"
Package: ifvtex 2016/05/16 v1.6 Detect VTeX and its facilities (HO)
Package ifvtex Info: VTeX not detected.
)
("C:\Users\Landon\AppData\Local\Programs\MiKTeX 2.9\tex/generic/ifxetex\ifxetex
.sty"
Package: ifxetex 2010/09/12 v0.6 Provides ifxetex conditional
)
\Gm@cnth=\count88
\Gm@cntv=\count89
\c@Gm@tempcnt=\count90
\Gm@bindingoffset=\dimen103
\Gm@wd@mp=\dimen104
\Gm@odd@mp=\dimen105
\Gm@even@mp=\dimen106
\Gm@layoutwidth=\dimen107
\Gm@layoutheight=\dimen108
\Gm@layouthoffset=\dimen109
\Gm@layoutvoffset=\dimen110
\Gm@dimlist=\toks15

("C:\Users\Landon\AppData\Local\Programs\MiKTeX 2.9\tex/latex/geometry\geometry
.cfg"))
("C:\Users\Landon\AppData\Local\Programs\MiKTeX 2.9\tex/latex/amsmath\amsmath.s
ty"
Package: amsmath 2018/12/01 v2.17b AMS math features
\@mathmargin=\skip43

For additional information on amsmath, use the `?' option.

("C:\Users\Landon\AppData\Local\Programs\MiKTeX 2.9\tex/latex/amsmath\amstext.s
ty"
Package: amstext 2000/06/29 v2.01 AMS text

("C:\Users\Landon\AppData\Local\Programs\MiKTeX 2.9\tex/latex/amsmath\amsgen.st
y"
File: amsgen.sty 1999/11/30 v2.0 generic functions
\@emptytoks=\toks16
\ex@=\dimen111
))
("C:\Users\Landon\AppData\Local\Programs\MiKTeX 2.9\tex/latex/amsmath\amsbsy.st
y"
Package: amsbsy 1999/11/29 v1.2d Bold Symbols
\pmbraise@=\dimen112
)
("C:\Users\Landon\AppData\Local\Programs\MiKTeX 2.9\tex/latex/amsmath\amsopn.st
y"
Package: amsopn 2016/03/08 v2.02 operator names
)
\inf@bad=\count91
LaTeX Info: Redefining \frac on input line 223.
\uproot@=\count92
\leftroot@=\count93
LaTeX Info: Redefining \overline on input line 385.
\classnum@=\count94
\DOTSCASE@=\count95
LaTeX Info: Redefining \ldots on input line 482.
LaTeX Info: Redefining \dots on input line 485.
LaTeX Info: Redefining \cdots on input line 606.
\Mathstrutbox@=\box27
\strutbox@=\box28
\big@size=\dimen113
LaTeX Font Info:    Redeclaring font encoding OML on input line 729.
LaTeX Font Info:    Redeclaring font encoding OMS on input line 730.
\macc@depth=\count96
\c@MaxMatrixCols=\count97
\dotsspace@=\muskip10
\c@parentequation=\count98
\dspbrk@lvl=\count99
\tag@help=\toks17
\row@=\count100
\column@=\count101
\maxfields@=\count102
\andhelp@=\toks18
\eqnshift@=\dimen114
\alignsep@=\dimen115
\tagshift@=\dimen116
\tagwidth@=\dimen117
\totwidth@=\dimen118
\lineht@=\dimen119
\@envbody=\toks19
\multlinegap=\skip44
\multlinetaggap=\skip45
\mathdisplay@stack=\toks20
LaTeX Info: Redefining \[ on input line 2844.
LaTeX Info: Redefining \] on input line 2845.
)
("C:\Users\Landon\AppData\Local\Programs\MiKTeX 2.9\tex/latex/fancyhdr\fancyhdr
.sty"
Package: fancyhdr 2019/01/31 v3.10 Extensive control of page headers and footer
s
\f@nch@headwidth=\skip46
\f@nch@O@elh=\skip47
\f@nch@O@erh=\skip48
\f@nch@O@olh=\skip49
\f@nch@O@orh=\skip50
\f@nch@O@elf=\skip51
\f@nch@O@erf=\skip52
\f@nch@O@olf=\skip53
\f@nch@O@orf=\skip54
) (Buell_CS750_Final.aux)
\openout1 = `Buell_CS750_Final.aux'.

LaTeX Font Info:    Checking defaults for OML/cmm/m/it on input line 22.
LaTeX Font Info:    ... okay on input line 22.
LaTeX Font Info:    Checking defaults for T1/cmr/m/n on input line 22.
LaTeX Font Info:    ... okay on input line 22.
LaTeX Font Info:    Checking defaults for OT1/cmr/m/n on input line 22.
LaTeX Font Info:    ... okay on input line 22.
LaTeX Font Info:    Checking defaults for OMS/cmsy/m/n on input line 22.
LaTeX Font Info:    ... okay on input line 22.
LaTeX Font Info:    Checking defaults for OMX/cmex/m/n on input line 22.
LaTeX Font Info:    ... okay on input line 22.
LaTeX Font Info:    Checking defaults for U/cmr/m/n on input line 22.
LaTeX Font Info:    ... okay on input line 22.

*geometry* driver: auto-detecting
*geometry* detected driver: pdftex
*geometry* verbose mode - [ preamble ] result:
* driver: pdftex
* paper: letterpaper
* layout: <same size as paper>
* layoutoffset:(h,v)=(0.0pt,0.0pt)
* modes: 
* h-part:(L,W,R)=(71.13188pt, 472.03123pt, 71.13188pt)
* v-part:(T,H,B)=(71.13188pt, 628.44073pt, 95.39737pt)
* \paperwidth=614.295pt
* \paperheight=794.96999pt
* \textwidth=472.03123pt
* \textheight=628.44073pt
* \oddsidemargin=-1.1381pt
* \evensidemargin=-1.1381pt
* \topmargin=-38.1381pt
* \headheight=12.0pt
* \headsep=25.0pt
* \topskip=12.0pt
* \footskip=30.0pt
* \marginparwidth=44.0pt
* \marginparsep=10.0pt
* \columnsep=10.0pt
* \skip\footins=10.8pt plus 4.0pt minus 2.0pt
* \hoffset=0.0pt
* \voffset=0.0pt
* \mag=1000
* \@twocolumnfalse
* \@twosidefalse
* \@mparswitchfalse
* \@reversemarginfalse
* (1in=72.27pt=25.4mm, 1cm=28.453pt)


Underfull \hbox (badness 10000) in paragraph at lines 34--35

 []


Underfull \hbox (badness 10000) in paragraph at lines 53--55

 []

[1

{C:/Users/Landon/AppData/Local/MiKTeX/2.9/pdftex/config/pdftex.map}]
Underfull \hbox (badness 10000) in paragraph at lines 89--90

 []


Underfull \hbox (badness 10000) in paragraph at lines 93--94

 []


Package Fancyhdr Warning: \headheight is too small (12.0pt): 
Make it at least 14.49998pt.
We now make it that large for the rest of the document.
This may cause the page layout to be inconsistent, however.

[2] [3] (Buell_CS750_Final.aux) ) 
Here is how much of TeX's memory you used:
 1514 strings out of 492895
 20007 string characters out of 3123268
 92030 words of memory out of 3000000
 5461 multiletter control sequences out of 15000+200000
 9973 words of font info for 36 fonts, out of 3000000 for 9000
 1141 hyphenation exceptions out of 8191
 27i,11n,43p,570b,195s stack positions out of 5000i,500n,10000p,200000b,50000s
<C:/Users/Landon/AppData/Local/Programs/MiKTeX
 2.9/fonts/type1/public/amsfonts/cm/cmbx12.pfb><C:/Users/Landon/AppData/Local/P
rograms/MiKTeX 2.9/fonts/type1/public/amsfonts/cm/cmex10.pfb><C:/Users/Landon/A
ppData/Local/Programs/MiKTeX 2.9/fonts/type1/public/amsfonts/cm/cmmi12.pfb><C:/
Users/Landon/AppData/Local/Programs/MiKTeX 2.9/fonts/type1/public/amsfonts/cm/c
mmi6.pfb><C:/Users/Landon/AppData/Local/Programs/MiKTeX 2.9/fonts/type1/public/
amsfonts/cm/cmmi8.pfb><C:/Users/Landon/AppData/Local/Programs/MiKTeX 2.9/fonts/
type1/public/amsfonts/cm/cmr12.pfb><C:/Users/Landon/AppData/Local/Programs/MiKT
eX 2.9/fonts/type1/public/amsfonts/cm/cmr17.pfb><C:/Users/Landon/AppData/Local/
Programs/MiKTeX 2.9/fonts/type1/public/amsfonts/cm/cmr6.pfb><C:/Users/Landon/Ap
pData/Local/Programs/MiKTeX 2.9/fonts/type1/public/amsfonts/cm/cmr8.pfb><C:/Use
rs/Landon/AppData/Local/Programs/MiKTeX 2.9/fonts/type1/public/amsfonts/cm/cmsy
10.pfb><C:/Users/Landon/AppData/Local/Programs/MiKTeX 2.9/fonts/type1/public/am
sfonts/cm/cmti12.pfb>
Output written on Buell_CS750_Final.pdf (3 pages, 126612 bytes).
PDF statistics:
 56 PDF objects out of 1000 (max. 8388607)
 0 named destinations out of 1000 (max. 500000)
 1 words of extra memory for PDF output out of 10000 (max. 10000000)

